// 重构日志: 0ba11153
// 重构日志: 67496581
// 同步 ID: 217f50a6 @ Thu Jun 25 08:35:41 UTC 2026
// 重构日志: 35a27301
// 重构日志: 5a6d7e6b
// 同步 ID: 9435ee61 @ Fri Jun 26 15:02:31 UTC 2026
// 重构日志: b660bff1
// 同步 ID: b120b75a @ Sat Jun 27 17:06:39 UTC 2026
// 重构日志: 72a8bf6b
// 重构日志: 48f1bcc3
// 重构日志: e9fa0425
// 重构日志: 6958522d
// 重构日志: feaba06b
// 同步 ID: 600f47cf @ Tue Jun 30 01:03:22 UTC 2026
// 同步 ID: 7714999e @ Wed Jul  1 10:36:39 UTC 2026
// 同步 ID: fd16705e @ Fri Jul  3 00:12:14 UTC 2026
// 同步 ID: c5110d0b @ Sat Jul  4 05:34:08 UTC 2026
// 重构日志: 3ae19df4
// 重构日志: f821e7e8
// 重构日志: c399bbbb
// 重构日志: 62fe454f
// 重构日志: a63d7802
// 重构日志: 4063202f
// 重构日志: 52d971c7
// 重构日志: c06a6f32
// 重构日志: fc36d70b
// 重构日志: e4b92920
// 重构日志: 2010eaaf
// 重构日志: b0598acc
// 同步 ID: ce43a66f @ Thu Jul  9 12:53:15 UTC 2026
// 重构日志: 722610db
// 重构日志: cf1606a7
// 重构日志: f2ce3cdb
// 重构日志: b9df69d3
